# ivector-compute-plda ark:data/swbd_train/spk2utt "ark:ivector-normalize-length scp:exp/ivectors_swbd_train/ivector.scp  ark:- |" exp/ivectors_swbd_train/plda 
# Started at Mon Mar 18 00:32:29 JST 2019
#
ivector-compute-plda ark:data/swbd_train/spk2utt 'ark:ivector-normalize-length scp:exp/ivectors_swbd_train/ivector.scp  ark:- |' exp/ivectors_swbd_train/plda 
ivector-normalize-length scp:exp/ivectors_swbd_train/ivector.scp ark:- 
LOG (ivector-normalize-length[5.5.227~2-4d614]:main():ivector-normalize-length.cc:90) Processed 33037 iVectors.
LOG (ivector-normalize-length[5.5.227~2-4d614]:main():ivector-normalize-length.cc:94) Average ratio of iVector to expected length was 0.9817, standard deviation was 0.121728
LOG (ivector-compute-plda[5.5.227~2-4d614]:main():ivector-compute-plda.cc:109) Accumulated stats from 2789 speakers (0 with no utterances), consisting of 33037 utterances (0 absent from input).
LOG (ivector-compute-plda[5.5.227~2-4d614]:Estimate():plda.cc:529) Plda estimation iteration 0 of 10
LOG (ivector-compute-plda[5.5.227~2-4d614]:EstimateFromStats():plda.cc:511) Trace of within-class variance is 416.155
LOG (ivector-compute-plda[5.5.227~2-4d614]:EstimateFromStats():plda.cc:512) Trace of between-class variance is 278.107
LOG (ivector-compute-plda[5.5.227~2-4d614]:Estimate():plda.cc:529) Plda estimation iteration 1 of 10
LOG (ivector-compute-plda[5.5.227~2-4d614]:EstimateFromStats():plda.cc:511) Trace of within-class variance is 402.183
LOG (ivector-compute-plda[5.5.227~2-4d614]:EstimateFromStats():plda.cc:512) Trace of between-class variance is 233.453
LOG (ivector-compute-plda[5.5.227~2-4d614]:Estimate():plda.cc:529) Plda estimation iteration 2 of 10
LOG (ivector-compute-plda[5.5.227~2-4d614]:EstimateFromStats():plda.cc:511) Trace of within-class variance is 401.704
LOG (ivector-compute-plda[5.5.227~2-4d614]:EstimateFromStats():plda.cc:512) Trace of between-class variance is 220.48
LOG (ivector-compute-plda[5.5.227~2-4d614]:Estimate():plda.cc:529) Plda estimation iteration 3 of 10
LOG (ivector-compute-plda[5.5.227~2-4d614]:EstimateFromStats():plda.cc:511) Trace of within-class variance is 402.119
LOG (ivector-compute-plda[5.5.227~2-4d614]:EstimateFromStats():plda.cc:512) Trace of between-class variance is 214.936
LOG (ivector-compute-plda[5.5.227~2-4d614]:Estimate():plda.cc:529) Plda estimation iteration 4 of 10
LOG (ivector-compute-plda[5.5.227~2-4d614]:EstimateFromStats():plda.cc:511) Trace of within-class variance is 402.459
LOG (ivector-compute-plda[5.5.227~2-4d614]:EstimateFromStats():plda.cc:512) Trace of between-class variance is 212.128
LOG (ivector-compute-plda[5.5.227~2-4d614]:Estimate():plda.cc:529) Plda estimation iteration 5 of 10
LOG (ivector-compute-plda[5.5.227~2-4d614]:EstimateFromStats():plda.cc:511) Trace of within-class variance is 402.696
LOG (ivector-compute-plda[5.5.227~2-4d614]:EstimateFromStats():plda.cc:512) Trace of between-class variance is 210.55
LOG (ivector-compute-plda[5.5.227~2-4d614]:Estimate():plda.cc:529) Plda estimation iteration 6 of 10
LOG (ivector-compute-plda[5.5.227~2-4d614]:EstimateFromStats():plda.cc:511) Trace of within-class variance is 402.863
LOG (ivector-compute-plda[5.5.227~2-4d614]:EstimateFromStats():plda.cc:512) Trace of between-class variance is 209.593
LOG (ivector-compute-plda[5.5.227~2-4d614]:Estimate():plda.cc:529) Plda estimation iteration 7 of 10
LOG (ivector-compute-plda[5.5.227~2-4d614]:EstimateFromStats():plda.cc:511) Trace of within-class variance is 402.983
LOG (ivector-compute-plda[5.5.227~2-4d614]:EstimateFromStats():plda.cc:512) Trace of between-class variance is 208.976
LOG (ivector-compute-plda[5.5.227~2-4d614]:Estimate():plda.cc:529) Plda estimation iteration 8 of 10
LOG (ivector-compute-plda[5.5.227~2-4d614]:EstimateFromStats():plda.cc:511) Trace of within-class variance is 403.072
LOG (ivector-compute-plda[5.5.227~2-4d614]:EstimateFromStats():plda.cc:512) Trace of between-class variance is 208.56
LOG (ivector-compute-plda[5.5.227~2-4d614]:Estimate():plda.cc:529) Plda estimation iteration 9 of 10
LOG (ivector-compute-plda[5.5.227~2-4d614]:EstimateFromStats():plda.cc:511) Trace of within-class variance is 403.14
LOG (ivector-compute-plda[5.5.227~2-4d614]:EstimateFromStats():plda.cc:512) Trace of between-class variance is 208.267
LOG (ivector-compute-plda[5.5.227~2-4d614]:GetOutput():plda.cc:540) Norm of mean of iVector distribution is 0.315947
LOG (ivector-compute-plda[5.5.227~2-4d614]:GetOutput():plda.cc:577) Diagonal of between-class variance in normalized space is  [ 12.3375 10.7828 6.32653 5.44774 5.06967 4.44273 4.25909 3.86857 3.70984 3.52746 3.39949 3.31375 3.22958 3.17849 3.1552 3.02317 2.94524 2.79368 2.74494 2.72825 2.67287 2.6101 2.57172 2.49871 2.46565 2.33608 2.2864 2.27977 2.26857 2.2388 2.20989 2.19113 2.14615 2.12901 2.07218 2.05104 2.01422 1.99612 1.97079 1.949 1.92347 1.89541 1.88733 1.84519 1.83605 1.81098 1.79226 1.769 1.75377 1.73818 1.72691 1.71859 1.69856 1.68007 1.66054 1.63645 1.62408 1.61022 1.60715 1.58399 1.56399 1.55393 1.52938 1.52654 1.51175 1.50683 1.48414 1.47665 1.46755 1.45356 1.43928 1.43214 1.41382 1.40981 1.38761 1.37764 1.36315 1.3546 1.35018 1.34439 1.33467 1.3265 1.32364 1.3145 1.30123 1.29386 1.28647 1.27823 1.27095 1.26267 1.26099 1.24983 1.23904 1.21622 1.20824 1.20679 1.20018 1.1898 1.17965 1.17671 1.16182 1.1588 1.15451 1.14225 1.13689 1.13299 1.12226 1.11487 1.10956 1.10617 1.09831 1.08915 1.08009 1.07517 1.06848 1.06055 1.05788 1.04998 1.04388 1.03835 1.0331 1.03087 1.02822 1.02559 1.01501 1.01179 1.00543 1.00082 0.996619 0.989831 0.985663 0.981475 0.978537 0.97341 0.963047 0.959237 0.950543 0.948335 0.941553 0.939634 0.930837 0.923457 0.917267 0.916384 0.910598 0.907651 0.905025 0.901221 0.895033 0.887202 0.883451 0.878941 0.87794 0.874394 0.867496 0.865014 0.85759 0.85383 0.85171 0.843423 0.8411 0.835656 0.83256 0.828357 0.826322 0.820625 0.814178 0.810522 0.806591 0.802958 0.801558 0.798266 0.793583 0.788551 0.783316 0.781748 0.777276 0.773977 0.770826 0.76908 0.764266 0.760216 0.755466 0.750542 0.747407 0.745396 0.742011 0.737373 0.734872 0.73114 0.729308 0.724477 0.721071 0.716852 0.714809 0.709044 0.704483 0.703927 0.703777 0.695879 0.693705 0.688316 0.686076 0.683189 0.681524 0.678438 0.676055 0.672217 0.668516 0.667358 0.664997 0.659465 0.65907 0.657196 0.653388 0.653111 0.649198 0.647771 0.646435 0.642622 0.638421 0.634981 0.633335 0.627985 0.624695 0.622076 0.618887 0.616286 0.614501 0.610287 0.607491 0.606314 0.603299 0.599546 0.597651 0.595863 0.59506 0.59367 0.58948 0.586774 0.584288 0.581912 0.580157 0.578582 0.576531 0.572202 0.569674 0.565838 0.562346 0.561813 0.557297 0.555067 0.552488 0.550103 0.546644 0.545293 0.542957 0.539945 0.536325 0.534167 0.532312 0.529287 0.528694 0.525496 0.52322 0.522704 0.520167 0.516556 0.513941 0.512512 0.509761 0.507786 0.502717 0.501682 0.499404 0.498266 0.494932 0.490982 0.490095 0.486104 0.48488 0.482298 0.48089 0.479887 0.477126 0.475278 0.473028 0.47143 0.469937 0.468241 0.46509 0.46352 0.459938 0.458866 0.456531 0.455654 0.454753 0.451403 0.448896 0.447252 0.446512 0.444895 0.441927 0.441002 0.438277 0.435855 0.434832 0.43252 0.429346 0.426868 0.425933 0.424663 0.422974 0.421455 0.417261 0.416896 0.415601 0.413573 0.41321 0.410863 0.40824 0.407046 0.406744 0.404766 0.403755 0.401007 0.399375 0.397052 0.395027 0.392658 0.391969 0.389567 0.388573 0.386324 0.384547 0.382497 0.381824 0.380422 0.377708 0.377424 0.373889 0.372686 0.371166 0.370532 0.367175 0.365508 0.363953 0.362619 0.360287 0.359199 0.355471 0.355192 0.352256 0.351737 0.350365 0.348863 0.347968 0.344826 0.343455 0.340079 0.339496 0.338172 0.336575 0.335843 0.332801 0.331533 0.329647 0.32782 0.327008 0.325707 0.322107 0.320486 0.319568 0.318592 0.318146 0.315887 0.314663 0.313468 0.312093 0.310553 0.308076 0.307226 0.305863 0.304216 0.301441 0.300985 0.299917 0.298277 0.297823 0.295561 0.294879 0.293309 0.292135 0.29108 0.288996 0.287161 0.286191 0.28442 0.284051 0.283232 0.281846 0.279933 0.278079 0.277392 0.27379 0.273041 0.268853 0.26789 0.267836 0.265052 0.263602 0.263084 0.262136 0.260464 0.258902 0.256676 0.256394 0.2548 0.25297 0.252066 0.250596 0.249683 0.248238 0.247707 0.245709 0.244514 0.244189 0.242109 0.241566 0.23845 0.235718 0.23532 0.23492 0.234389 0.232126 0.231224 0.230946 0.228914 0.22717 0.226623 0.224154 0.222221 0.221503 0.219879 0.219784 0.218093 0.217549 0.216418 0.214991 0.214362 0.212212 0.211005 0.20861 0.206341 0.205965 0.205201 0.203594 0.202423 0.20046 0.199426 0.19851 0.197056 0.196343 0.194641 0.193394 0.192846 0.191765 0.191367 0.189365 0.186975 0.186617 0.184565 0.182717 0.181644 0.18098 0.179573 0.177865 0.177003 0.17657 0.174588 0.174226 0.173337 0.17249 0.171211 0.170987 0.170017 0.168703 0.167229 0.166463 0.163536 0.162153 0.161805 0.161174 0.160739 0.159565 0.159385 0.156394 0.155678 0.153115 0.152599 0.15156 0.150327 0.148438 0.147289 0.146242 0.145494 0.145225 0.143778 0.143274 0.141477 0.140355 0.138756 0.137556 0.137141 0.136078 0.13518 0.133131 0.132834 0.131898 0.130829 0.12906 0.127896 0.12689 0.125566 0.125423 0.122817 0.122086 0.121017 0.1204 0.119652 0.118318 0.116604 0.116174 0.115715 0.114407 0.113929 0.112795 0.112241 0.110844 0.108997 0.10799 0.107542 0.107266 0.105165 0.104209 0.103748 0.102314 0.10156 0.100122 0.0997989 0.0987325 0.0976193 0.0956931 0.0943643 0.0938931 0.0928954 0.0924305 0.091639 0.0895376 0.0890296 0.0883934 0.087732 0.0862046 0.0854921 0.0847091 0.0830067 0.0819882 0.0802624 0.079165 0.0789657 0.0773166 0.0768648 0.0757629 0.0746967 0.0738866 0.0726642 0.0723531 0.0717296 0.0694934 0.0683677 0.0677426 0.0661643 0.0655924 0.0647479 0.0645184 0.0628748 0.0620297 0.0612289 0.0599732 0.0587613 0.0567624 0.0554475 0.0549015 0.0531422 0.0505994 0.0495563 0.0487833 0.046926 0.0449864 0.0428951 ]
# Accounting: time=58 threads=1
# Ended (code 0) at Mon Mar 18 00:33:27 JST 2019, elapsed time 58 seconds
