# ivector-plda-scoring --normalize-length=true --num-utts=ark:exp/C5/adapted_train/num_utts.ark "ivector-copy-plda --smoothing=0.0 exp/ivectors_swbd_train/plda - |" "ark:ivector-subtract-global-mean exp/ivectors_swbd_train/mean.vec scp:exp/C5/adapted_train/spk_ivector.scp ark:- | ivector-normalize-length ark:- ark:- |" "ark:ivector-normalize-length scp:exp/C5/adapted_test/ivector.scp ark:- | ivector-subtract-global-mean exp/ivectors_swbd_train/mean.vec ark:- ark:- | ivector-normalize-length ark:- ark:- |" "cat 'data/sre10_test/trials' | cut -d\  --fields=1,2 |" exp/scores_gmm_2048_ind_pooled/plda_scores 
# Started at Mon Mar 18 00:33:27 JST 2019
#
ivector-plda-scoring --normalize-length=true --num-utts=ark:exp/C5/adapted_train/num_utts.ark 'ivector-copy-plda --smoothing=0.0 exp/ivectors_swbd_train/plda - |' 'ark:ivector-subtract-global-mean exp/ivectors_swbd_train/mean.vec scp:exp/C5/adapted_train/spk_ivector.scp ark:- | ivector-normalize-length ark:- ark:- |' 'ark:ivector-normalize-length scp:exp/C5/adapted_test/ivector.scp ark:- | ivector-subtract-global-mean exp/ivectors_swbd_train/mean.vec ark:- ark:- | ivector-normalize-length ark:- ark:- |' 'cat '\''data/sre10_test/trials'\'' | cut -d\  --fields=1,2 |' exp/scores_gmm_2048_ind_pooled/plda_scores 
ivector-copy-plda --smoothing=0.0 exp/ivectors_swbd_train/plda - 
ivector-normalize-length ark:- ark:- 
ivector-subtract-global-mean exp/ivectors_swbd_train/mean.vec scp:exp/C5/adapted_train/spk_ivector.scp ark:- 
ivector-normalize-length scp:exp/C5/adapted_test/ivector.scp ark:- 
ivector-subtract-global-mean exp/ivectors_swbd_train/mean.vec ark:- ark:- 
ivector-normalize-length ark:- ark:- 
LOG (ivector-plda-scoring[5.5.227~2-4d614]:main():ivector-plda-scoring.cc:96) Reading train iVectors
LOG (ivector-subtract-global-mean[5.5.227~2-4d614]:main():ivector-subtract-global-mean.cc:108) Wrote 11938 mean-subtracted iVectors
LOG (ivector-normalize-length[5.5.227~2-4d614]:main():ivector-normalize-length.cc:90) Processed 11938 iVectors.
LOG (ivector-normalize-length[5.5.227~2-4d614]:main():ivector-normalize-length.cc:94) Average ratio of iVector to expected length was 1.00006, standard deviation was 0.000316838
LOG (ivector-plda-scoring[5.5.227~2-4d614]:main():ivector-plda-scoring.cc:122) Read 11938 training iVectors, errors on 0
LOG (ivector-plda-scoring[5.5.227~2-4d614]:main():ivector-plda-scoring.cc:126) Average renormalization scale on training iVectors was 1.00652
LOG (ivector-plda-scoring[5.5.227~2-4d614]:main():ivector-plda-scoring.cc:129) Reading test iVectors
LOG (ivector-normalize-length[5.5.227~2-4d614]:main():ivector-normalize-length.cc:90) Processed 767 iVectors.
LOG (ivector-normalize-length[5.5.227~2-4d614]:main():ivector-normalize-length.cc:94) Average ratio of iVector to expected length was 0.685961, standard deviation was 0.00354687
LOG (ivector-subtract-global-mean[5.5.227~2-4d614]:main():ivector-subtract-global-mean.cc:108) Wrote 767 mean-subtracted iVectors
LOG (ivector-normalize-length[5.5.227~2-4d614]:main():ivector-normalize-length.cc:90) Processed 767 iVectors.
LOG (ivector-normalize-length[5.5.227~2-4d614]:main():ivector-normalize-length.cc:94) Average ratio of iVector to expected length was 1.00007, standard deviation was 0.000322576
LOG (ivector-plda-scoring[5.5.227~2-4d614]:main():ivector-plda-scoring.cc:147) Read 767 test iVectors.
LOG (ivector-plda-scoring[5.5.227~2-4d614]:main():ivector-plda-scoring.cc:150) Average renormalization scale on test iVectors was 1.00799
WARNING (ivector-plda-scoring[5.5.227~2-4d614]:main():ivector-plda-scoring.cc:170) Key 36882 not present in training iVectors.
WARNING (ivector-plda-scoring[5.5.227~2-4d614]:main():ivector-plda-scoring.cc:170) Key 36882 not present in training iVectors.
WARNING (ivector-plda-scoring[5.5.227~2-4d614]:main():ivector-plda-scoring.cc:170) Key 36882 not present in training iVectors.
LOG (ivector-plda-scoring[5.5.227~2-4d614]:main():ivector-plda-scoring.cc:214) Mean score was -72.8477, standard deviation was 29.7066
LOG (ivector-plda-scoring[5.5.227~2-4d614]:main():ivector-plda-scoring.cc:217) Processed 416116 trials, 3 had errors.
# Accounting: time=9 threads=1
# Ended (code 0) at Mon Mar 18 00:33:36 JST 2019, elapsed time 9 seconds
