Tue Jan 29 18:21:16 JST 2019
fix_data_dir.sh: kept all 11983 utterances.
fix_data_dir.sh: old files are kept in data//sre10_train/.backup
utils/validate_data_dir.sh: Successfully validated data-directory data//sre10_train
steps/make_mfcc.sh --mfcc-config conf/mfcc.conf --nj 40 --cmd run.pl data/sre10_train exp/make_mfcc /work/lyair/Mismatch_DAC13_baseline/mfcc
utils/validate_data_dir.sh: Successfully validated data-directory data/sre10_train
steps/make_mfcc.sh: [info]: no segments file exists: assuming wav.scp indexed by utterance.
Succeeded creating MFCC features for sre10_train
fix_data_dir.sh: kept all 11983 utterances.
fix_data_dir.sh: old files are kept in data/sre10_train/.backup
sid/compute_vad_decision.sh --nj 40 --cmd run.pl data/sre10_train exp/make_vad /work/lyair/Mismatch_DAC13_baseline/mfcc
Created VAD output for sre10_train
fix_data_dir.sh: kept all 11983 utterances.
fix_data_dir.sh: old files are kept in data/sre10_train/.backup
sid/extract_ivectors.sh --cmd run.pl --mem 6G --nj 40 exp/extractor data/sre10_train exp/ivectors_sre10_train
sid/extract_ivectors.sh: extracting iVectors
sid/extract_ivectors.sh: combining iVectors across jobs
sid/extract_ivectors.sh: computing mean of iVectors for each speaker and length-normalizing
Tue Jan 29 20:21:51 JST 2019
utils/subset_data_dir.sh: reducing #utt from 7186 to 3858
utils/subset_data_dir.sh: reducing #utt from 11983 to 6732
utils/subset_data_dir.sh: reducing #utt from 7186 to 3328
utils/subset_data_dir.sh: reducing #utt from 11983 to 5251
utils/subset_data_dir.sh: reducing #utt from 33037 to 17433
utils/subset_data_dir.sh: reducing #utt from 33037 to 15604
local/plda_scoring_0.sh data/swbd_train data/sre10_train data/sre10_test_c2 exp/ivectors_swbd_train exp/ivectors_sre10_train exp/ivectors_sre10_test_c2 data/sre10_test_c2/trials exp/scores_gmm_2048_ind_pooled
GMM-2048 EER and mini-DCF for C2 condition
EER: 13.98
minDCF(p-target=0.01): 0.8655
minDCF(p-target=0.001): 0.9843
Tue Jan 29 20:23:56 JST 2019
