Mon Jan 28 17:51:14 JST 2019
utils/fix_data_dir.sh: file data/mixer_train/utt2spk is not in sorted order or not unique, sorting it
utils/fix_data_dir.sh: file data/mixer_train/wav.scp is not in sorted order or not unique, sorting it
fix_data_dir.sh: kept all 36470 utterances.
fix_data_dir.sh: old files are kept in data/mixer_train/.backup
utils/validate_data_dir.sh: Successfully validated data-directory data/mixer_train
steps/make_mfcc.sh --mfcc-config conf/mfcc.conf --nj 40 --cmd run.pl data/mixer_train exp/make_mfcc /work/lyair/Mismatch_DAC13_baseline/mfcc
utils/validate_data_dir.sh: Successfully validated data-directory data/mixer_train
steps/make_mfcc.sh: [info]: no segments file exists: assuming wav.scp indexed by utterance.
Succeeded creating MFCC features for mixer_train
fix_data_dir.sh: kept all 36470 utterances.
fix_data_dir.sh: old files are kept in data/mixer_train/.backup
sid/compute_vad_decision.sh --nj 40 --cmd run.pl data/mixer_train exp/make_vad /work/lyair/Mismatch_DAC13_baseline/mfcc
Created VAD output for mixer_train
fix_data_dir.sh: kept all 36470 utterances.
fix_data_dir.sh: old files are kept in data/mixer_train/.backup
Mon Jan 28 19:11:23 JST 2019
sid/extract_ivectors.sh --cmd run.pl --mem 6G --nj 40 exp/extractor data/mixer_train exp/ivectors_mixer_train
sid/extract_ivectors.sh: extracting iVectors
sid/extract_ivectors.sh: combining iVectors across jobs
sid/extract_ivectors.sh: computing mean of iVectors for each speaker and length-normalizing
Tue Jan 29 00:04:33 JST 2019
local/pre_processing.sh exp/ivectors_sre_1phn_train exp/pre_processing
local/pre_processing.sh: Computing centering mean of SRE_1phn data
local/pre_processing.sh: Computing whitening transform using MIXER_1phn data
utils/subset_data_dir.sh: reducing #utt from 7186 to 3858
utils/subset_data_dir.sh: reducing #utt from 11983 to 6732
utils/subset_data_dir.sh: reducing #utt from 7186 to 3328
utils/subset_data_dir.sh: reducing #utt from 11983 to 5251
utils/subset_data_dir.sh: reducing #utt from 36470 to 23882
utils/subset_data_dir.sh: reducing #utt from 36470 to 12588
local/plda_scoring_0.sh data/mixer_train data/sre10_train data/sre10_test_c2 exp/ivectors_mixer_train exp/ivectors_sre10_train exp/ivectors_sre10_test_c2 data/sre10_test_c2/trials exp/scores_gmm_2048_ind_pooled
GMM-2048 EER and mini-DCF for C2 condition
EER: 19.46
minDCF(p-target=0.01): 0.9267
minDCF(p-target=0.001): 0.9828
Tue Jan 29 00:06:54 JST 2019
