Tue Jan 22 18:38:43 JST 2019
utils/fix_data_dir.sh: file data//sre10_test_c2/utt2spk is not in sorted order or not unique, sorting it
utils/fix_data_dir.sh: file data//sre10_test_c2/spk2utt is not in sorted order or not unique, sorting it
utils/fix_data_dir.sh: file data//sre10_test_c2/wav.scp is not in sorted order or not unique, sorting it
utils/fix_data_dir.sh: file data//sre10_test_c2/spk2gender is not in sorted order or not unique, sorting it
fix_data_dir.sh: kept all 7186 utterances.
fix_data_dir.sh: old files are kept in data//sre10_test_c2/.backup
utils/validate_data_dir.sh: Successfully validated data-directory data//sre10_test_c2
steps/make_mfcc.sh --mfcc-config conf/mfcc.conf --nj 40 --cmd run.pl data/sre10_test_c2 exp/make_mfcc /work/lyair/Mismatch_DAC13_baseline/mfcc
utils/validate_data_dir.sh: Successfully validated data-directory data/sre10_test_c2
steps/make_mfcc.sh: [info]: no segments file exists: assuming wav.scp indexed by utterance.
Succeeded creating MFCC features for sre10_test_c2
fix_data_dir.sh: kept all 7186 utterances.
fix_data_dir.sh: old files are kept in data/sre10_test_c2/.backup
sid/compute_vad_decision.sh --nj 40 --cmd run.pl data/sre10_test_c2 exp/make_vad /work/lyair/Mismatch_DAC13_baseline/mfcc
Created VAD output for sre10_test_c2
fix_data_dir.sh: kept all 7186 utterances.
fix_data_dir.sh: old files are kept in data/sre10_test_c2/.backup
Tue Jan 22 18:52:11 JST 2019
sid/extract_ivectors.sh --cmd run.pl --mem 8G --nj 20 exp/extractor data/sre10_test_c2 exp/ivectors_sre10_test_c2
sid/extract_ivectors.sh: extracting iVectors
sid/extract_ivectors.sh: combining iVectors across jobs
sid/extract_ivectors.sh: computing mean of iVectors for each speaker and length-normalizing
Tue Jan 22 19:57:08 JST 2019
utils/subset_data_dir.sh: reducing #utt from 7186 to 3858
utils/subset_data_dir.sh: reducing #utt from 11983 to 6732
utils/subset_data_dir.sh: reducing #utt from 7186 to 3328
utils/subset_data_dir.sh: reducing #utt from 11983 to 5251
utils/subset_data_dir.sh: reducing #utt from 33037 to 17433
utils/subset_data_dir.sh: reducing #utt from 33037 to 15604
local/plda_scoring.sh data/swbd_train data/sre10_train data/sre10_test_c2 exp/ivectors_swbd_train exp/ivectors_sre10_train exp/ivectors_sre10_test_c2 data/sre10_test/trials exp/scores_gmm_2048_ind_pooled
run.pl: job failed, log is in exp/scores_gmm_2048_ind_pooled/log/plda_scoring.log
