Sun Jan 27 20:15:16 JST 2019
utils/fix_data_dir.sh: file data/sre_1phn_train/utt2spk is not in sorted order or not unique, sorting it
utils/fix_data_dir.sh: file data/sre_1phn_train/wav.scp is not in sorted order or not unique, sorting it
fix_data_dir.sh: kept all 25640 utterances.
fix_data_dir.sh: old files are kept in data/sre_1phn_train/.backup
utils/validate_data_dir.sh: Successfully validated data-directory data/sre_1phn_train
steps/make_mfcc.sh --mfcc-config conf/mfcc.conf --nj 40 --cmd run.pl data/sre_1phn_train exp/make_mfcc /work/lyair/Mismatch_DAC13_baseline/mfcc
utils/validate_data_dir.sh: Successfully validated data-directory data/sre_1phn_train
steps/make_mfcc.sh: [info]: no segments file exists: assuming wav.scp indexed by utterance.
Succeeded creating MFCC features for sre_1phn_train
fix_data_dir.sh: kept all 25640 utterances.
fix_data_dir.sh: old files are kept in data/sre_1phn_train/.backup
sid/compute_vad_decision.sh --nj 40 --cmd run.pl data/sre_1phn_train exp/make_vad /work/lyair/Mismatch_DAC13_baseline/mfcc
Created VAD output for sre_1phn_train
fix_data_dir.sh: kept all 25640 utterances.
fix_data_dir.sh: old files are kept in data/sre_1phn_train/.backup
Sun Jan 27 21:09:40 JST 2019
sid/extract_ivectors.sh --cmd run.pl --mem 8G --nj 20 exp/extractor data/sre_1phn_train exp/ivectors_sre_1phn_train
sid/extract_ivectors.sh: extracting iVectors
sid/extract_ivectors.sh: combining iVectors across jobs
sid/extract_ivectors.sh: computing mean of iVectors for each speaker and length-normalizing
Mon Jan 28 00:35:07 JST 2019
local/pre_processing.sh exp/ivectors_sre_1phn_train exp/pre_processing
local/pre_processing.sh: Computing centering mean of SRE_1phn data
local/pre_processing.sh: Computing whitening transform using MIXER_1phn data
utils/subset_data_dir.sh: reducing #utt from 7186 to 3858
utils/subset_data_dir.sh: reducing #utt from 11983 to 6732
utils/subset_data_dir.sh: reducing #utt from 7186 to 3328
utils/subset_data_dir.sh: reducing #utt from 11983 to 5251
utils/subset_data_dir.sh: reducing #utt from 33037 to 17433
utils/subset_data_dir.sh: reducing #utt from 33037 to 15604
local/plda_scoring.sh data/swbd_train data/sre10_train data/sre10_test_c2 exp/ivectors_swbd_train exp/ivectors_sre10_train exp/ivectors_sre10_test_c2 data/sre10_test_c2/trials exp/scores_gmm_2048_ind_pooled
run.pl: job failed, log is in exp/ivectors_swbd_train/log/plda.log
