Thu Jan 31 19:18:07 JST 2019
System 4
local/plda_with_prep.sh --pre_processing true data/swbd_train data/sre10_train data/sre10_test_c2 data/sre_1phn_train exp/ivectors_sre_1phn_train exp/ivectors_swbd_train exp/ivectors_sre10_train exp/ivectors_sre10_test_c2 data/sre10_test_c2/trials exp/scores_gmm_2048_ind_pooled
local/plda_with_prep.sh: Computing centering mean
local/plda_with_prep.sh: Computing whitening transform instead of LDA dim-reduction
local/plda_with_prep.sh: Computing LDA dim-reduction transform instead of whitening
local/plda_with_prep.sh: Do pre process: Yes.
GMM-2048 EER and mini-DCF for C5 condition
EER: 21.74
minDCF(p-target=0.01): 0.9594
minDCF(p-target=0.001): 0.9928

System 3
local/plda_with_prep.sh --pre_processing true data/sre_1phn_train data/sre10_train data/sre10_test_c2 data/sre_1phn_train exp/ivectors_sre_1phn_train exp/ivectors_sre_1phn_train exp/ivectors_sre10_train exp/ivectors_sre10_test_c2 data/sre10_test_c2/trials exp/scores_gmm_2048_ind_pooled
local/plda_with_prep.sh: Computing centering mean
local/plda_with_prep.sh: Computing whitening transform instead of LDA dim-reduction
local/plda_with_prep.sh: Computing LDA dim-reduction transform instead of whitening
local/plda_with_prep.sh: Do pre process: Yes.
GMM-2048 EER and mini-DCF for C5 condition
EER: 23
minDCF(p-target=0.01): 0.9622
minDCF(p-target=0.001): 0.9954

System 2
local/plda_with_prep.sh --pre_processing true data/swbd_train data/sre10_train data/sre10_test_c2 data/mixer_train exp/ivectors_mixer_train exp/ivectors_swbd_train exp/ivectors_sre10_train exp/ivectors_sre10_test_c2 data/sre10_test_c2/trials exp/scores_gmm_2048_ind_pooled
local/plda_with_prep.sh: Computing centering mean
local/plda_with_prep.sh: Computing whitening transform instead of LDA dim-reduction
local/plda_with_prep.sh: Computing LDA dim-reduction transform instead of whitening
local/plda_with_prep.sh: Do pre process: Yes.
GMM-2048 EER and mini-DCF for C5 condition
EER: 20.11
minDCF(p-target=0.01): 0.9418
minDCF(p-target=0.001): 0.9894

System 1
local/plda_with_prep.sh --pre_processing true data/mixer_train data/sre10_train data/sre10_test_c2 data/mixer_train exp/ivectors_mixer_train exp/ivectors_mixer_train exp/ivectors_sre10_train exp/ivectors_sre10_test_c2 data/sre10_test_c2/trials exp/scores_gmm_2048_ind_pooled
local/plda_with_prep.sh: Computing centering mean
local/plda_with_prep.sh: Computing whitening transform instead of LDA dim-reduction
local/plda_with_prep.sh: Computing LDA dim-reduction transform instead of whitening
local/plda_with_prep.sh: Do pre process: Yes.
GMM-2048 EER and mini-DCF for C5 ext condition
EER: 19.46
minDCF(p-target=0.01): 0.9265
minDCF(p-target=0.001): 0.9830
Thu Jan 31 19:34:00 JST 2019
