Wed Jan 30 19:39:53 JST 2019
System 4
local/plda_with_prep.sh --pre_processing true data/swbd_train data/sre10_train data/sre10_test_c2 data/sre_1phn_train exp/ivectors_sre_1phn_train exp/ivectors_swbd_train exp/ivectors_sre10_train exp/ivectors_sre10_test_c2 data/sre10_test_c2/trials exp/scores_gmm_2048_ind_pooled
local/plda_with_prep.sh: Computing centering mean
local/plda_with_prep.sh: Computing whitening transform instead of LDA dim-reduction
local/plda_with_prep.sh: Computing LDA dim-reduction transform instead of whitening
local/plda_with_prep.sh: Do pre process: Yes.
GMM-2048 EER and mini-DCF for C2 ext condition
EER: 21.98
minDCF(p-target=0.01): 0.9616
minDCF(p-target=0.001): 0.9933

System 3
local/plda_with_prep.sh --pre_processing true data/sre_1phn_train data/sre10_train data/sre10_test_c2 data/sre_1phn_train exp/ivectors_sre_1phn_train exp/ivectors_sre_1phn_train exp/ivectors_sre10_train exp/ivectors_sre10_test_c2 data/sre10_test_c2/trials exp/scores_gmm_2048_ind_pooled
local/plda_with_prep.sh: Computing centering mean
local/plda_with_prep.sh: Computing whitening transform instead of LDA dim-reduction
local/plda_with_prep.sh: Computing LDA dim-reduction transform instead of whitening
local/plda_with_prep.sh: Do pre process: Yes.
GMM-2048 EER and mini-DCF for C2 ext condition
EER: 23.02
minDCF(p-target=0.01): 0.9617
minDCF(p-target=0.001): 0.9955

System 2
local/plda_with_prep.sh --pre_processing true data/swbd_train data/sre10_train data/sre10_test_c2 data/mixer_train exp/ivectors_mixer_train exp/ivectors_swbd_train exp/ivectors_sre10_train exp/ivectors_sre10_test_c2 data/sre10_test_c2/trials exp/scores_gmm_2048_ind_pooled
local/plda_with_prep.sh: Computing centering mean
local/plda_with_prep.sh: Computing whitening transform instead of LDA dim-reduction
local/plda_with_prep.sh: Computing LDA dim-reduction transform instead of whitening
local/plda_with_prep.sh: Do pre process: Yes.
GMM-2048 EER and mini-DCF for C2 ext condition
Traceback (most recent call last):
  File "local/prepare_for_eer.py", line 15, in <module>
    print (score, spkrutt2target[spkr+utt])
KeyError: '32707tcbbl_B'
